<?xml version="1.0" encoding="UTF-8"?>
<!-- Generated by org.testng.reporters.JUnitXMLReporter -->
<testsuite hostname="DHARSHINI" ignored="0" name="Test-Chrome" tests="1" failures="1" timestamp="24 Jun 2020 11:10:18 GMT" time="20.725" errors="0">
  <testcase name="@AfterMethod afterMethod" time="0.0" classname="ts_01.Bookshelf_search_without_Storagetype">
    <failure type="java.lang.NullPointerException">
      <![CDATA[java.lang.NullPointerException
at utils.Excelutils.reportToExcel(Excelutils.java:116)
at ts_01.Bookshelf_search_without_Storagetype.afterMethod(Bookshelf_search_without_Storagetype.java:110)
... Removed 28 stack frames]]>
    </failure>
  </testcase> <!-- @AfterMethod afterMethod -->
  <testcase name="@AfterMethod getResult" time="0.0" classname="utils.ExtentReport">
    <skipped/>
  </testcase> <!-- @AfterMethod getResult -->
  <testcase name="@AfterClass closeBrowser" time="0.0" classname="ts_01.Bookshelf_search_without_Storagetype">
    <skipped/>
  </testcase> <!-- @AfterClass closeBrowser -->
  <testcase name="bookshelf_search_without_Storagetype" time="0.128" classname="ts_01.Bookshelf_search_without_Storagetype">
    <failure type="java.lang.NoSuchMethodError" message="org.apache.poi.util.POILogger.log(ILjava/lang/Object;Ljava/lang/Throwable;)V">
      <![CDATA[java.lang.NoSuchMethodError: org.apache.poi.util.POILogger.log(ILjava/lang/Object;Ljava/lang/Throwable;)V
at org.apache.poi.openxml4j.opc.ZipPackage.buildPartName(ZipPackage.java:250)
at org.apache.poi.openxml4j.opc.ZipPackage.getPartsImpl(ZipPackage.java:189)
at org.apache.poi.openxml4j.opc.OPCPackage.getParts(OPCPackage.java:662)
at org.apache.poi.openxml4j.opc.OPCPackage.open(OPCPackage.java:269)
at org.apache.poi.util.PackageHelper.open(PackageHelper.java:39)
at org.apache.poi.xssf.usermodel.XSSFWorkbook.<init>(XSSFWorkbook.java:204)
at utils.Excelutils.readExcelData(Excelutils.java:46)
at pageobjects.Url_navigating_homepage.<init>(Url_navigating_homepage.java:29)
at ts_01.Bookshelf_search_without_Storagetype.bookshelf_search_without_Storagetype(Bookshelf_search_without_Storagetype.java:62)
... Removed 25 stack frames]]>
    </failure>
  </testcase> <!-- bookshelf_search_without_Storagetype -->
</testsuite> <!-- Test-Chrome -->
